[1729913.953]  -> wl_display@1.get_registry(new id wl_registry@2)
[1729913.992]  -> wl_display@1.sync(new id wl_callback@3)
[1729914.166] wl_display@1.delete_id(3)
[1729914.198] wl_registry@2.global(1, "wl_shm", 1)
[1729914.226]  -> wl_registry@2.bind(1, "wl_shm", 1, new id [unknown]@4)
[1729914.236] wl_registry@2.global(2, "wl_drm", 2)
[1729914.243]  -> wl_registry@2.bind(2, "wl_drm", 1, new id [unknown]@5)
[1729914.252] wl_registry@2.global(3, "zwp_linux_dmabuf_v1", 3)
[1729914.260]  -> wl_registry@2.bind(3, "zwp_linux_dmabuf_v1", 3, new id [unknown]@6)
[1729914.269] wl_registry@2.global(4, "wl_compositor", 4)
[1729914.276]  -> wl_registry@2.bind(4, "wl_compositor", 4, new id [unknown]@7)
[1729914.285] wl_registry@2.global(5, "wl_subcompositor", 1)
[1729914.292] wl_registry@2.global(6, "wl_data_device_manager", 3)
[1729914.299] wl_registry@2.global(7, "zxdg_output_manager_v1", 3)
[1729914.305] wl_registry@2.global(8, "zwlr_gamma_control_manager_v1", 1)
[1729914.312] wl_registry@2.global(9, "zwlr_screencopy_manager_v1", 3)
[1729914.319] wl_registry@2.global(10, "zwp_virtual_keyboard_manager_v1", 1)
[1729914.325] wl_registry@2.global(11, "zwlr_virtual_pointer_manager_v1", 2)
[1729914.332] wl_registry@2.global(12, "org_kde_kwin_server_decoration_manager", 1)
[1729914.339] wl_registry@2.global(13, "zxdg_decoration_manager_v1", 1)
[1729914.346]  -> wl_registry@2.bind(13, "zxdg_decoration_manager_v1", 1, new id [unknown]@8)
[1729914.355] wl_registry@2.global(14, "zwlr_data_control_manager_v1", 2)
[1729914.362] wl_registry@2.global(15, "zwp_primary_selection_device_manager_v1", 1)
[1729914.369] wl_registry@2.global(16, "wl_seat", 7)
[1729914.376]  -> wl_registry@2.bind(16, "wl_seat", 5, new id [unknown]@9)
[1729914.385] wl_registry@2.global(17, "xdg_wm_base", 2)
[1729914.392]  -> wl_registry@2.bind(17, "xdg_wm_base", 1, new id [unknown]@10)
[1729914.401] wl_registry@2.global(18, "zwlr_layer_shell_v1", 4)
[1729914.408] wl_registry@2.global(19, "wl_output", 3)
[1729914.415] wl_callback@3.done(390)
[1729914.420]  -> wl_display@1.sync(new id wl_callback@3)
[1729914.844] wl_display@1.delete_id(3)
[1729914.852] wl_shm@4.format(0)
[1729914.857] wl_shm@4.format(1)
[1729914.862] wl_shm@4.format(875709016)
[1729914.866] wl_shm@4.format(875708993)
[1729914.870] wl_drm@5.device("/dev/dri/renderD128")
[1729915.291] wl_drm@5.format(875713089)
[1729915.298] wl_drm@5.format(875713112)
[1729915.303] wl_drm@5.format(909199186)
[1729915.307] wl_drm@5.format(961959257)
[1729915.311] wl_drm@5.format(825316697)
[1729915.315] wl_drm@5.format(842093913)
[1729915.319] wl_drm@5.format(909202777)
[1729915.323] wl_drm@5.format(875713881)
[1729915.326] wl_drm@5.format(842094158)
[1729915.330] wl_drm@5.format(909203022)
[1729915.334] wl_drm@5.format(1448695129)
[1729915.338] zwp_linux_dmabuf_v1@6.modifier(1211384385, 0, 0)
[1729915.346] zwp_linux_dmabuf_v1@6.modifier(1211384385, 16777216, 1)
[1729915.353] zwp_linux_dmabuf_v1@6.modifier(1211384385, 16777216, 2)
[1729915.360] zwp_linux_dmabuf_v1@6.modifier(1211384385, 16777215, 4294967295)
[1729915.367] zwp_linux_dmabuf_v1@6.modifier(1211384408, 0, 0)
[1729915.374] zwp_linux_dmabuf_v1@6.modifier(1211384408, 16777216, 1)
[1729915.381] zwp_linux_dmabuf_v1@6.modifier(1211384408, 16777216, 2)
[1729915.387] zwp_linux_dmabuf_v1@6.modifier(1211384408, 16777215, 4294967295)
[1729915.394] zwp_linux_dmabuf_v1@6.modifier(808669761, 0, 0)
[1729915.401] zwp_linux_dmabuf_v1@6.modifier(808669761, 16777216, 1)
[1729915.407] zwp_linux_dmabuf_v1@6.modifier(808669761, 16777216, 2)
[1729915.414] zwp_linux_dmabuf_v1@6.modifier(808669761, 16777215, 4294967295)
[1729915.421] zwp_linux_dmabuf_v1@6.modifier(808669784, 0, 0)
[1729915.427] zwp_linux_dmabuf_v1@6.modifier(808669784, 16777216, 1)
[1729915.434] zwp_linux_dmabuf_v1@6.modifier(808669784, 16777216, 2)
[1729915.441] zwp_linux_dmabuf_v1@6.modifier(808669784, 16777215, 4294967295)
[1729915.447] zwp_linux_dmabuf_v1@6.modifier(808665665, 0, 0)
[1729915.454] zwp_linux_dmabuf_v1@6.modifier(808665665, 16777216, 1)
[1729915.461] zwp_linux_dmabuf_v1@6.modifier(808665665, 16777216, 2)
[1729915.469] zwp_linux_dmabuf_v1@6.modifier(808665665, 16777215, 4294967295)
[1729915.476] zwp_linux_dmabuf_v1@6.modifier(808665688, 0, 0)
[1729915.483] zwp_linux_dmabuf_v1@6.modifier(808665688, 16777216, 1)
[1729915.490] zwp_linux_dmabuf_v1@6.modifier(808665688, 16777216, 2)
[1729915.497] zwp_linux_dmabuf_v1@6.modifier(808665688, 16777215, 4294967295)
[1729915.504] zwp_linux_dmabuf_v1@6.modifier(875713089, 0, 0)
[1729915.510] zwp_linux_dmabuf_v1@6.modifier(875713089, 16777216, 1)
[1729915.517] zwp_linux_dmabuf_v1@6.modifier(875713089, 16777216, 2)
[1729915.524] zwp_linux_dmabuf_v1@6.modifier(875713089, 16777215, 4294967295)
[1729915.530] zwp_linux_dmabuf_v1@6.modifier(875708993, 0, 0)
[1729915.537] zwp_linux_dmabuf_v1@6.modifier(875708993, 16777216, 1)
[1729915.544] zwp_linux_dmabuf_v1@6.modifier(875708993, 16777216, 2)
[1729915.551] zwp_linux_dmabuf_v1@6.modifier(875708993, 16777215, 4294967295)
[1729915.557] zwp_linux_dmabuf_v1@6.modifier(875713112, 0, 0)
[1729915.564] zwp_linux_dmabuf_v1@6.modifier(875713112, 16777216, 1)
[1729915.571] zwp_linux_dmabuf_v1@6.modifier(875713112, 16777216, 2)
[1729915.578] zwp_linux_dmabuf_v1@6.modifier(875713112, 16777215, 4294967295)
[1729915.584] zwp_linux_dmabuf_v1@6.modifier(875709016, 0, 0)
[1729915.591] zwp_linux_dmabuf_v1@6.modifier(875709016, 16777216, 1)
[1729915.598] zwp_linux_dmabuf_v1@6.modifier(875709016, 16777216, 2)
[1729915.604] zwp_linux_dmabuf_v1@6.modifier(875709016, 16777215, 4294967295)
[1729915.611] zwp_linux_dmabuf_v1@6.modifier(892424769, 0, 0)
[1729915.617] zwp_linux_dmabuf_v1@6.modifier(892424769, 16777216, 1)
[1729915.624] zwp_linux_dmabuf_v1@6.modifier(892424769, 16777216, 2)
[1729915.631] zwp_linux_dmabuf_v1@6.modifier(892424769, 16777215, 4294967295)
[1729915.637] zwp_linux_dmabuf_v1@6.modifier(909199186, 0, 0)
[1729915.644] zwp_linux_dmabuf_v1@6.modifier(909199186, 16777216, 1)
[1729915.650] zwp_linux_dmabuf_v1@6.modifier(909199186, 16777216, 2)
[1729915.657] zwp_linux_dmabuf_v1@6.modifier(909199186, 16777215, 4294967295)
[1729915.664] zwp_linux_dmabuf_v1@6.modifier(538982482, 0, 0)
[1729915.670] zwp_linux_dmabuf_v1@6.modifier(538982482, 16777216, 1)
[1729915.677] zwp_linux_dmabuf_v1@6.modifier(538982482, 16777216, 2)
[1729915.684] zwp_linux_dmabuf_v1@6.modifier(538982482, 16777215, 4294967295)
[1729915.691] zwp_linux_dmabuf_v1@6.modifier(540422482, 0, 0)
[1729915.697] zwp_linux_dmabuf_v1@6.modifier(540422482, 16777216, 1)
[1729915.704] zwp_linux_dmabuf_v1@6.modifier(540422482, 16777216, 2)
[1729915.710] zwp_linux_dmabuf_v1@6.modifier(540422482, 16777215, 4294967295)
[1729915.717] zwp_linux_dmabuf_v1@6.modifier(943215175, 0, 0)
[1729915.724] zwp_linux_dmabuf_v1@6.modifier(943215175, 16777216, 1)
[1729915.730] zwp_linux_dmabuf_v1@6.modifier(943215175, 16777216, 2)
[1729915.737] zwp_linux_dmabuf_v1@6.modifier(943215175, 16777215, 4294967295)
[1729915.744] zwp_linux_dmabuf_v1@6.modifier(842224199, 0, 0)
[1729915.750] zwp_linux_dmabuf_v1@6.modifier(842224199, 16777216, 1)
[1729915.757] zwp_linux_dmabuf_v1@6.modifier(842224199, 16777216, 2)
[1729915.764] zwp_linux_dmabuf_v1@6.modifier(842224199, 16777215, 4294967295)
[1729915.770] zwp_linux_dmabuf_v1@6.modifier(961959257, 0, 0)
[1729915.777] zwp_linux_dmabuf_v1@6.modifier(961959257, 16777216, 1)
[1729915.784] zwp_linux_dmabuf_v1@6.modifier(961959257, 16777216, 2)
[1729915.791] zwp_linux_dmabuf_v1@6.modifier(961959257, 16777215, 4294967295)
[1729915.797] zwp_linux_dmabuf_v1@6.modifier(825316697, 0, 0)
[1729915.804] zwp_linux_dmabuf_v1@6.modifier(825316697, 16777216, 1)
[1729915.811] zwp_linux_dmabuf_v1@6.modifier(825316697, 16777216, 2)
[1729915.817] zwp_linux_dmabuf_v1@6.modifier(825316697, 16777215, 4294967295)
[1729915.824] zwp_linux_dmabuf_v1@6.modifier(842093913, 0, 0)
[1729915.831] zwp_linux_dmabuf_v1@6.modifier(842093913, 16777216, 1)
[1729915.838] zwp_linux_dmabuf_v1@6.modifier(842093913, 16777216, 2)
[1729915.844] zwp_linux_dmabuf_v1@6.modifier(842093913, 16777215, 4294967295)
[1729915.851] zwp_linux_dmabuf_v1@6.modifier(909202777, 0, 0)
[1729915.858] zwp_linux_dmabuf_v1@6.modifier(909202777, 16777216, 1)
[1729915.865] zwp_linux_dmabuf_v1@6.modifier(909202777, 16777216, 2)
[1729915.872] zwp_linux_dmabuf_v1@6.modifier(909202777, 16777215, 4294967295)
[1729915.901] zwp_linux_dmabuf_v1@6.modifier(875713881, 0, 0)
[1729915.912] zwp_linux_dmabuf_v1@6.modifier(875713881, 16777216, 1)
[1729915.919] zwp_linux_dmabuf_v1@6.modifier(875713881, 16777216, 2)
[1729915.926] zwp_linux_dmabuf_v1@6.modifier(875713881, 16777215, 4294967295)
[1729915.933] zwp_linux_dmabuf_v1@6.modifier(961893977, 0, 0)
[1729915.940] zwp_linux_dmabuf_v1@6.modifier(961893977, 16777216, 1)
[1729915.946] zwp_linux_dmabuf_v1@6.modifier(961893977, 16777216, 2)
[1729915.953] zwp_linux_dmabuf_v1@6.modifier(961893977, 16777215, 4294967295)
[1729915.960] zwp_linux_dmabuf_v1@6.modifier(825316953, 0, 0)
[1729915.967] zwp_linux_dmabuf_v1@6.modifier(825316953, 16777216, 1)
[1729915.973] zwp_linux_dmabuf_v1@6.modifier(825316953, 16777216, 2)
[1729915.980] zwp_linux_dmabuf_v1@6.modifier(825316953, 16777215, 4294967295)
[1729915.987] zwp_linux_dmabuf_v1@6.modifier(842094169, 0, 0)
[1729915.994] zwp_linux_dmabuf_v1@6.modifier(842094169, 16777216, 1)
[1729916.001] zwp_linux_dmabuf_v1@6.modifier(842094169, 16777216, 2)
[1729916.007] zwp_linux_dmabuf_v1@6.modifier(842094169, 16777215, 4294967295)
[1729916.014] zwp_linux_dmabuf_v1@6.modifier(909203033, 0, 0)
[1729916.021] zwp_linux_dmabuf_v1@6.modifier(909203033, 16777216, 1)
[1729916.028] zwp_linux_dmabuf_v1@6.modifier(909203033, 16777216, 2)
[1729916.034] zwp_linux_dmabuf_v1@6.modifier(909203033, 16777215, 4294967295)
[1729916.041] zwp_linux_dmabuf_v1@6.modifier(875714137, 0, 0)
[1729916.048] zwp_linux_dmabuf_v1@6.modifier(875714137, 16777216, 1)
[1729916.054] zwp_linux_dmabuf_v1@6.modifier(875714137, 16777216, 2)
[1729916.061] zwp_linux_dmabuf_v1@6.modifier(875714137, 16777215, 4294967295)
[1729916.068] zwp_linux_dmabuf_v1@6.modifier(842094158, 0, 0)
[1729916.075] zwp_linux_dmabuf_v1@6.modifier(842094158, 16777216, 1)
[1729916.081] zwp_linux_dmabuf_v1@6.modifier(842094158, 16777216, 2)
[1729916.088] zwp_linux_dmabuf_v1@6.modifier(842094158, 16777215, 4294967295)
[1729916.095] zwp_linux_dmabuf_v1@6.modifier(808530000, 0, 0)
[1729916.101] zwp_linux_dmabuf_v1@6.modifier(808530000, 16777216, 1)
[1729916.108] zwp_linux_dmabuf_v1@6.modifier(808530000, 16777216, 2)
[1729916.115] zwp_linux_dmabuf_v1@6.modifier(808530000, 16777215, 4294967295)
[1729916.122] zwp_linux_dmabuf_v1@6.modifier(842084432, 0, 0)
[1729916.128] zwp_linux_dmabuf_v1@6.modifier(842084432, 16777216, 1)
[1729916.135] zwp_linux_dmabuf_v1@6.modifier(842084432, 16777216, 2)
[1729916.142] zwp_linux_dmabuf_v1@6.modifier(842084432, 16777215, 4294967295)
[1729916.148] zwp_linux_dmabuf_v1@6.modifier(909193296, 0, 0)
[1729916.155] zwp_linux_dmabuf_v1@6.modifier(909193296, 16777216, 1)
[1729916.162] zwp_linux_dmabuf_v1@6.modifier(909193296, 16777216, 2)
[1729916.168] zwp_linux_dmabuf_v1@6.modifier(909193296, 16777215, 4294967295)
[1729916.175] zwp_linux_dmabuf_v1@6.modifier(909203022, 0, 0)
[1729916.182] zwp_linux_dmabuf_v1@6.modifier(909203022, 16777216, 1)
[1729916.188] zwp_linux_dmabuf_v1@6.modifier(909203022, 16777216, 2)
[1729916.195] zwp_linux_dmabuf_v1@6.modifier(909203022, 16777215, 4294967295)
[1729916.202] zwp_linux_dmabuf_v1@6.modifier(1448433985, 0, 0)
[1729916.208] zwp_linux_dmabuf_v1@6.modifier(1448433985, 16777216, 1)
[1729916.215] zwp_linux_dmabuf_v1@6.modifier(1448433985, 16777216, 2)
[1729916.222] zwp_linux_dmabuf_v1@6.modifier(1448433985, 16777215, 4294967295)
[1729916.228] zwp_linux_dmabuf_v1@6.modifier(1448434008, 0, 0)
[1729916.235] zwp_linux_dmabuf_v1@6.modifier(1448434008, 16777216, 1)
[1729916.242] zwp_linux_dmabuf_v1@6.modifier(1448434008, 16777216, 2)
[1729916.249] zwp_linux_dmabuf_v1@6.modifier(1448434008, 16777215, 4294967295)
[1729916.255] zwp_linux_dmabuf_v1@6.modifier(1448695129, 0, 0)
[1729916.262] zwp_linux_dmabuf_v1@6.modifier(1448695129, 16777216, 1)
[1729916.269] zwp_linux_dmabuf_v1@6.modifier(1448695129, 16777216, 2)
[1729916.276] zwp_linux_dmabuf_v1@6.modifier(1448695129, 16777215, 4294967295)
[1729916.282] zwp_linux_dmabuf_v1@6.modifier(1498831189, 0, 0)
[1729916.291] zwp_linux_dmabuf_v1@6.modifier(1498831189, 16777216, 1)
[1729916.298] zwp_linux_dmabuf_v1@6.modifier(1498831189, 16777216, 2)
[1729916.304] zwp_linux_dmabuf_v1@6.modifier(1498831189, 16777215, 4294967295)
[1729916.311] wl_seat@9.name("seat0")
[1729916.316] wl_seat@9.capabilities(3)
[1729916.325]  -> wl_seat@9.get_pointer(new id wl_pointer@11)
[1729916.331]  -> wl_seat@9.get_keyboard(new id wl_keyboard@12)
[1729916.336] wl_callback@3.done(390)
unable to lock lockfile /run/user/1000/wayland-0.lock, maybe another compositor is running
[1729996.215]  -> wl_compositor@7.create_surface(new id wl_surface@3)
[1729996.230]  -> xdg_wm_base@10.get_xdg_surface(new id xdg_surface@13, wl_surface@3)
[1729996.237]  -> xdg_surface@13.get_toplevel(new id xdg_toplevel@14)
[1729996.241]  -> zxdg_decoration_manager_v1@8.get_toplevel_decoration(new id zxdg_toplevel_decoration_v1@15, xdg_toplevel@14)
[1729996.247]  -> zxdg_toplevel_decoration_v1@15.set_mode(2)
[1729996.252]  -> xdg_toplevel@14.set_title("wlroots - WL-1")
[1729996.270]  -> xdg_toplevel@14.set_app_id("wlroots")
[1729996.277]  -> wl_surface@3.commit()
[1729996.282]  -> wl_display@1.sync(new id wl_callback@16)
[1729996.475] wl_keyboard@12.keymap(1, fd 13, 64354)
[1729996.517] wl_keyboard@12.repeat_info(25, 600)
[1729996.543] wl_display@1.delete_id(16)
[1729996.547] xdg_wm_base@10.ping(395)
[1729996.551]  -> xdg_wm_base@10.pong(395)
[1729996.556] wl_callback@16.done(395)
[1729996.560] xdg_toplevel@14.configure(0, 0, array)
[1729996.566] xdg_surface@13.configure(394)
[1729996.570]  -> xdg_surface@13.ack_configure(394)
[1730099.909]  -> wl_compositor@7.create_surface(new id wl_surface@16)
[1730099.926]  -> zwp_linux_dmabuf_v1@6.create_params(new id zwp_linux_buffer_params_v1@17)
[1730099.933]  -> zwp_linux_buffer_params_v1@17.add(fd 14, 0, 0, 128, 16777216, 2)
[1730099.942]  -> zwp_linux_buffer_params_v1@17.create_immed(new id wl_buffer@18, 24, 24, 875713089, 0)
[1730099.951]  -> wl_surface@16.attach(wl_buffer@18, 0, 0)
[1730099.956]  -> wl_surface@16.damage_buffer(0, 0, 2147483647, 2147483647)
[1730099.963]  -> wl_surface@16.commit()
[1730100.196]  -> zwp_linux_dmabuf_v1@6.create_params(new id zwp_linux_buffer_params_v1@19)
[1730100.204]  -> zwp_linux_buffer_params_v1@19.add(fd 15, 0, 0, 128, 16777216, 2)
[1730100.214]  -> zwp_linux_buffer_params_v1@19.create_immed(new id wl_buffer@20, 24, 24, 875713089, 0)
[1730100.223]  -> wl_surface@16.attach(wl_buffer@20, 0, 0)
[1730100.228]  -> wl_surface@16.damage_buffer(0, 0, 2147483647, 2147483647)
[1730100.234]  -> wl_surface@16.commit()
[1730100.384]  -> zwp_linux_dmabuf_v1@6.create_params(new id zwp_linux_buffer_params_v1@21)
[1730100.391]  -> zwp_linux_buffer_params_v1@21.add(fd 16, 0, 0, 128, 16777216, 2)
[1730100.401]  -> zwp_linux_buffer_params_v1@21.create_immed(new id wl_buffer@22, 24, 24, 875713089, 0)
[1730100.409]  -> wl_surface@16.attach(wl_buffer@22, 0, 0)
[1730100.415]  -> wl_surface@16.damage_buffer(0, 0, 2147483647, 2147483647)
[1730100.421]  -> wl_surface@16.commit()
[1730103.567]  -> wl_surface@3.frame(new id wl_callback@23)
[1730103.593]  -> zwp_linux_dmabuf_v1@6.create_params(new id zwp_linux_buffer_params_v1@24)
[1730103.600]  -> zwp_linux_buffer_params_v1@24.add(fd 17, 0, 0, 5120, 16777216, 2)
[1730103.611]  -> zwp_linux_buffer_params_v1@24.create_immed(new id wl_buffer@25, 1280, 720, 875713089, 0)
[1730103.622]  -> wl_surface@3.attach(wl_buffer@25, 0, 0)
[1730103.628]  -> wl_surface@3.damage_buffer(0, 0, 1280, 720)
[1730103.635]  -> wl_surface@3.commit()
[1730103.691] wl_buffer@18.release()
[1730103.699] wl_buffer@20.release()
[1730105.924] wl_display@1.delete_id(23)
[1730106.010] wl_keyboard@12.enter(401, wl_surface@3, array)
[1730106.023] wl_keyboard@12.modifiers(402, 0, 0, 0, 0)
[1730106.050] wl_pointer@11.enter(403, wl_surface@3, 627.140625, 452.613281)
[1730106.066]  -> wl_pointer@11.set_cursor(403, wl_surface@16, 4, 4)
[1730106.080] wl_pointer@11.frame()
[1730106.127] wl_callback@23.done(3297212)
[1730110.181]  -> wl_surface@3.frame(new id wl_callback@23)
[1730110.266]  -> zwp_linux_dmabuf_v1@6.create_params(new id zwp_linux_buffer_params_v1@26)
[1730110.282]  -> zwp_linux_buffer_params_v1@26.add(fd 18, 0, 0, 5120, 16777216, 2)
[1730110.296]  -> zwp_linux_buffer_params_v1@26.create_immed(new id wl_buffer@27, 1280, 720, 875713089, 0)
[1730110.308]  -> wl_surface@3.attach(wl_buffer@27, 0, 0)
[1730110.316]  -> wl_surface@3.commit()
[1730110.423] xdg_toplevel@14.configure(0, 0, array)
[1730110.460] xdg_surface@13.configure(400)
[1730110.470]  -> xdg_surface@13.ack_configure(400)
[1730111.193] wl_buffer@25.release()
[1730119.412] wl_display@1.delete_id(23)
[1730119.513] wl_callback@23.done(3297226)
[1730221.227]  -> wl_display@1.get_registry(new id wl_registry@2)
[1730221.250]  -> wl_display@1.sync(new id wl_callback@3)
[1730221.282] wl_display@1.get_registry(new id wl_registry@2)
[1730221.298]  -> wl_registry@2.global(1, "wl_shm", 1)
[1730221.310]  -> wl_registry@2.global(2, "wl_drm", 2)
[1730221.320]  -> wl_registry@2.global(3, "zwp_linux_dmabuf_v1", 3)
[1730221.329]  -> wl_registry@2.global(4, "wl_compositor", 4)
[1730221.341]  -> wl_registry@2.global(5, "wl_subcompositor", 1)
[1730221.352]  -> wl_registry@2.global(6, "wl_data_device_manager", 3)
[1730221.361]  -> wl_registry@2.global(7, "zxdg_output_manager_v1", 3)
[1730221.370]  -> wl_registry@2.global(8, "zwlr_gamma_control_manager_v1", 1)
[1730221.379]  -> wl_registry@2.global(9, "zwlr_screencopy_manager_v1", 3)
[1730221.388]  -> wl_registry@2.global(10, "zwp_virtual_keyboard_manager_v1", 1)
[1730221.397]  -> wl_registry@2.global(11, "zwlr_virtual_pointer_manager_v1", 2)
[1730221.407]  -> wl_registry@2.global(12, "org_kde_kwin_server_decoration_manager", 1)
[1730221.419]  -> wl_registry@2.global(13, "zxdg_decoration_manager_v1", 1)
[1730221.428]  -> wl_registry@2.global(14, "zwlr_data_control_manager_v1", 2)
[1730221.437]  -> wl_registry@2.global(15, "zwp_primary_selection_device_manager_v1", 1)
[1730221.446]  -> wl_registry@2.global(16, "wl_seat", 7)
[1730221.457]  -> wl_registry@2.global(17, "xdg_wm_base", 2)
[1730221.466]  -> wl_registry@2.global(18, "zwlr_layer_shell_v1", 4)
[1730221.475]  -> wl_registry@2.global(19, "wl_output", 3)
[1730221.485] wl_display@1.sync(new id wl_callback@3)
[1730221.494]  -> wl_callback@3.done(0)
[1730221.501]  -> wl_display@1.delete_id(3)
[1730221.535] wl_display@1.delete_id(3)
[1730221.549] wl_registry@2.global(1, "wl_shm", 1)
[1730221.560]  -> wl_registry@2.bind(1, "wl_shm", 1, new id [unknown]@4)
[1730221.575] wl_registry@2.global(2, "wl_drm", 2)
[1730221.586] wl_registry@2.global(3, "zwp_linux_dmabuf_v1", 3)
[1730221.596] wl_registry@2.global(4, "wl_compositor", 4)
[1730221.606]  -> wl_registry@2.bind(4, "wl_compositor", 4, new id [unknown]@5)
[1730221.619] wl_registry@2.global(5, "wl_subcompositor", 1)
[1730221.630]  -> wl_registry@2.bind(5, "wl_subcompositor", 1, new id [unknown]@6)
[1730221.643] wl_registry@2.global(6, "wl_data_device_manager", 3)
[1730221.654]  -> wl_registry@2.bind(6, "wl_data_device_manager", 3, new id [unknown]@7)
[1730221.667] wl_registry@2.global(7, "zxdg_output_manager_v1", 3)
[1730221.678]  -> wl_registry@2.bind(7, "zxdg_output_manager_v1", 3, new id [unknown]@8)
[1730221.693]  -> wl_display@1.sync(new id wl_callback@9)
[1730221.701] wl_registry@2.global(8, "zwlr_gamma_control_manager_v1", 1)
[1730221.713] wl_registry@2.global(9, "zwlr_screencopy_manager_v1", 3)
[1730221.722] wl_registry@2.global(10, "zwp_virtual_keyboard_manager_v1", 1)
[1730221.733] wl_registry@2.global(11, "zwlr_virtual_pointer_manager_v1", 2)
[1730221.742] wl_registry@2.global(12, "org_kde_kwin_server_decoration_manager", 1)
[1730221.753]  -> wl_registry@2.bind(12, "org_kde_kwin_server_decoration_manager", 1, new id [unknown]@10)
[1730221.766] wl_registry@2.global(13, "zxdg_decoration_manager_v1", 1)
[1730221.776] wl_registry@2.global(14, "zwlr_data_control_manager_v1", 2)
[1730221.786] wl_registry@2.global(15, "zwp_primary_selection_device_manager_v1", 1)
[1730221.796]  -> wl_registry@2.bind(15, "zwp_primary_selection_device_manager_v1", 1, new id [unknown]@11)
[1730221.811] wl_registry@2.global(16, "wl_seat", 7)
[1730221.823] wl_registry@2.global(17, "xdg_wm_base", 2)
[1730221.834] wl_registry@2.global(18, "zwlr_layer_shell_v1", 4)
[1730221.844] wl_registry@2.global(19, "wl_output", 3)
[1730221.853]  -> wl_registry@2.bind(19, "wl_output", 2, new id [unknown]@12)
[1730221.914]  -> zxdg_output_manager_v1@8.get_xdg_output(new id zxdg_output_v1@13, wl_output@12)
[1730221.925]  -> wl_display@1.sync(new id wl_callback@14)
[1730221.930] wl_callback@3.done(0)
[1730221.996]  -> wl_shm@4.create_pool(new id wl_shm_pool@3, fd 8, 1296)
[1730222.007]  -> wl_registry@2.bind(16, "wl_seat", 7, new id [unknown]@15)
[1730225.528]  -> zwp_primary_selection_device_manager_v1@11.get_device(new id zwp_primary_selection_device_v1@16, wl_seat@15)
[1730225.539]  -> wl_data_device_manager@7.get_data_device(new id wl_data_device@17, wl_seat@15)
[1730225.618]  -> wl_compositor@5.create_surface(new id wl_surface@18)
[1730225.626]  -> wl_display@1.sync(new id wl_callback@19)
[1730225.660] wl_registry@2.bind(1, "wl_shm", 1, new id [unknown]@4)
[1730225.673]  -> wl_shm@4.format(0)
[1730225.677]  -> wl_shm@4.format(1)
[1730225.681]  -> wl_shm@4.format(875709016)
[1730225.684]  -> wl_shm@4.format(875708993)
[1730225.688] wl_registry@2.bind(4, "wl_compositor", 4, new id [unknown]@5)
[1730225.696] wl_registry@2.bind(5, "wl_subcompositor", 1, new id [unknown]@6)
[1730225.704] wl_registry@2.bind(6, "wl_data_device_manager", 3, new id [unknown]@7)
[1730225.712] wl_registry@2.bind(7, "zxdg_output_manager_v1", 3, new id [unknown]@8)
[1730225.720] wl_display@1.sync(new id wl_callback@9)
[1730225.724]  -> wl_callback@9.done(0)
[1730225.727]  -> wl_display@1.delete_id(9)
[1730225.730] wl_registry@2.bind(12, "org_kde_kwin_server_decoration_manager", 1, new id [unknown]@10)
[1730225.740]  -> org_kde_kwin_server_decoration_manager@10.default_mode(2)
[1730225.744] wl_registry@2.bind(15, "zwp_primary_selection_device_manager_v1", 1, new id [unknown]@11)
[1730225.752] wl_registry@2.bind(19, "wl_output", 2, new id [unknown]@12)
[1730225.761]  -> wl_output@12.geometry(0, 0, 0, 0, 0, "wayland", "wayland", 0)
[1730225.772]  -> wl_output@12.mode(1, 1280, 720, 0)
[1730225.779]  -> wl_output@12.scale(1)
[1730225.782]  -> wl_output@12.done()
[1730225.786] zxdg_output_manager_v1@8.get_xdg_output(new id zxdg_output_v1@13, wl_output@12)
[1730225.793]  -> zxdg_output_v1@13.name("WL-1")
[1730225.797]  -> zxdg_output_v1@13.description("Wayland output 1")
[1730225.801]  -> zxdg_output_v1@13.logical_position(0, 0)
[1730225.805]  -> zxdg_output_v1@13.logical_size(1280, 720)
[1730225.810]  -> wl_output@12.done()
[1730225.812] wl_display@1.sync(new id wl_callback@14)
[1730225.816]  -> wl_callback@14.done(0)
[1730225.819]  -> wl_display@1.delete_id(14)
[1730225.823] wl_shm@4.create_pool(new id wl_shm_pool@3, fd 20, 1296)
[1730225.837] wl_registry@2.bind(16, "wl_seat", 7, new id [unknown]@15)
[1730225.847]  -> wl_seat@15.name("seat0")
[1730225.851]  -> wl_seat@15.capabilities(3)
[1730225.855] zwp_primary_selection_device_manager_v1@11.get_device(new id zwp_primary_selection_device_v1@16, wl_seat@15)
[1730225.862] wl_data_device_manager@7.get_data_device(new id wl_data_device@17, wl_seat@15)
[1730225.870] wl_compositor@5.create_surface(new id wl_surface@18)
[1730225.894] wl_display@1.sync(new id wl_callback@19)
[1730225.899]  -> wl_callback@19.done(0)
[1730225.903]  -> wl_display@1.delete_id(19)
[1730225.927] wl_display@1.delete_id(9)
[1730225.934] wl_display@1.delete_id(14)
[1730225.937] wl_display@1.delete_id(19)
[1730225.940] wl_shm@4.format(0)
[1730225.944] wl_shm@4.format(1)
[1730225.947] wl_shm@4.format(875709016)
[1730225.950] wl_shm@4.format(875708993)
[1730225.953] wl_callback@9.done(0)
[1730225.957] org_kde_kwin_server_decoration_manager@10.default_mode(2)
[1730225.963] wl_output@12.geometry(0, 0, 0, 0, 0, "wayland", "wayland", 0)
[1730225.983] wl_output@12.mode(1, 1280, 720, 0)
[1730225.996] wl_output@12.scale(1)
[1730226.002] wl_output@12.done()
[1730226.010] zxdg_output_v1@13.name("WL-1")
[1730226.016] zxdg_output_v1@13.description("Wayland output 1")
[1730226.023] zxdg_output_v1@13.logical_position(0, 0)
[1730226.030] zxdg_output_v1@13.logical_size(1280, 720)
[1730226.037] wl_output@12.done()
[1730226.043] wl_callback@14.done(0)
[1730226.049] wl_seat@15.name("seat0")
[1730226.053] wl_seat@15.capabilities(3)
[1730226.059]  -> wl_seat@15.get_pointer(new id wl_pointer@14)
[1730226.077]  -> wl_seat@15.get_keyboard(new id wl_keyboard@9)
[1730226.093] wl_callback@19.done(0)
[1730226.102]  -> wl_registry@2.bind(17, "xdg_wm_base", 2, new id [unknown]@19)
[1730303.249]  -> wl_compositor@5.create_surface(new id wl_surface@20)
[1730306.185]  -> wl_display@1.get_registry(new id wl_registry@21)
[1730306.194]  -> wl_display@1.sync(new id wl_callback@22)
[1730306.258] wl_seat@15.get_pointer(new id wl_pointer@14)
[1730306.274] wl_seat@15.get_keyboard(new id wl_keyboard@9)
[1730306.380]  -> wl_keyboard@9.keymap(1, fd 21, 64354)
[1730306.391]  -> wl_keyboard@9.repeat_info(25, 600)
[1730306.398] wl_registry@2.bind(17, "xdg_wm_base", 2, new id [unknown]@19)
[1730306.415] wl_compositor@5.create_surface(new id wl_surface@20)
[1730306.423] wl_display@1.get_registry(new id wl_registry@21)
[1730306.428]  -> wl_registry@21.global(1, "wl_shm", 1)
[1730306.434]  -> wl_registry@21.global(2, "wl_drm", 2)
[1730306.440]  -> wl_registry@21.global(3, "zwp_linux_dmabuf_v1", 3)
[1730306.446]  -> wl_registry@21.global(4, "wl_compositor", 4)
[1730306.451]  -> wl_registry@21.global(5, "wl_subcompositor", 1)
[1730306.457]  -> wl_registry@21.global(6, "wl_data_device_manager", 3)
[1730306.462]  -> wl_registry@21.global(7, "zxdg_output_manager_v1", 3)
[1730306.467]  -> wl_registry@21.global(8, "zwlr_gamma_control_manager_v1", 1)
[1730306.473]  -> wl_registry@21.global(9, "zwlr_screencopy_manager_v1", 3)
[1730306.478]  -> wl_registry@21.global(10, "zwp_virtual_keyboard_manager_v1", 1)
[1730306.483]  -> wl_registry@21.global(11, "zwlr_virtual_pointer_manager_v1", 2)
[1730306.489]  -> wl_registry@21.global(12, "org_kde_kwin_server_decoration_manager", 1)
[1730306.494]  -> wl_registry@21.global(13, "zxdg_decoration_manager_v1", 1)
[1730306.499]  -> wl_registry@21.global(14, "zwlr_data_control_manager_v1", 2)
[1730306.504]  -> wl_registry@21.global(15, "zwp_primary_selection_device_manager_v1", 1)
[1730306.510]  -> wl_registry@21.global(16, "wl_seat", 7)
[1730306.515]  -> wl_registry@21.global(17, "xdg_wm_base", 2)
[1730306.520]  -> wl_registry@21.global(18, "zwlr_layer_shell_v1", 4)
[1730306.526]  -> wl_registry@21.global(19, "wl_output", 3)
[1730306.531] wl_display@1.sync(new id wl_callback@22)
[1730306.535]  -> wl_callback@22.done(0)
[1730306.539]  -> wl_display@1.delete_id(22)
[1730306.567] wl_display@1.delete_id(22)
[1730306.580] wl_registry@21.global(1, "wl_shm", 1)
[1730306.586] wl_registry@21.global(2, "wl_drm", 2)
[1730306.592]  -> wl_registry@21.bind(2, "wl_drm", 2, new id [unknown]@23)
[1730306.600] wl_registry@21.global(3, "zwp_linux_dmabuf_v1", 3)
[1730306.605]  -> wl_registry@21.bind(3, "zwp_linux_dmabuf_v1", 3, new id [unknown]@24)
[1730306.612] wl_registry@21.global(4, "wl_compositor", 4)
[1730306.617] wl_registry@21.global(5, "wl_subcompositor", 1)
[1730306.622] wl_registry@21.global(6, "wl_data_device_manager", 3)
[1730306.627] wl_registry@21.global(7, "zxdg_output_manager_v1", 3)
[1730306.632] wl_registry@21.global(8, "zwlr_gamma_control_manager_v1", 1)
[1730306.637] wl_registry@21.global(9, "zwlr_screencopy_manager_v1", 3)
[1730306.641] wl_registry@21.global(10, "zwp_virtual_keyboard_manager_v1", 1)
[1730306.646] wl_registry@21.global(11, "zwlr_virtual_pointer_manager_v1", 2)
[1730306.651] wl_registry@21.global(12, "org_kde_kwin_server_decoration_manager", 1)
[1730306.657] wl_registry@21.global(13, "zxdg_decoration_manager_v1", 1)
[1730306.662] wl_registry@21.global(14, "zwlr_data_control_manager_v1", 2)
[1730306.667] wl_registry@21.global(15, "zwp_primary_selection_device_manager_v1", 1)
[1730306.672] wl_registry@21.global(16, "wl_seat", 7)
[1730306.676] wl_registry@21.global(17, "xdg_wm_base", 2)
[1730306.681] wl_registry@21.global(18, "zwlr_layer_shell_v1", 4)
[1730306.686] wl_registry@21.global(19, "wl_output", 3)
[1730306.692] wl_callback@22.done(0)
[1730306.696]  -> wl_display@1.sync(new id wl_callback@22)
[1730306.741] wl_registry@21.bind(2, "wl_drm", 2, new id [unknown]@23)
[1730306.756]  -> wl_drm@23.device("/dev/dri/renderD128")
[1730306.771]  -> wl_drm@23.format(875713089)
[1730306.776]  -> wl_drm@23.format(875713112)
[1730306.780]  -> wl_drm@23.format(909199186)
[1730306.783]  -> wl_drm@23.format(961959257)
[1730306.787]  -> wl_drm@23.format(825316697)
[1730306.790]  -> wl_drm@23.format(842093913)
[1730306.793]  -> wl_drm@23.format(909202777)
[1730306.797]  -> wl_drm@23.format(875713881)
[1730306.800]  -> wl_drm@23.format(842094158)
[1730306.803]  -> wl_drm@23.format(909203022)
[1730306.806]  -> wl_drm@23.format(1448695129)
[1730306.809]  -> wl_drm@23.capabilities(1)
[1730306.812] wl_registry@21.bind(3, "zwp_linux_dmabuf_v1", 3, new id [unknown]@24)
[1730306.822]  -> zwp_linux_dmabuf_v1@24.modifier(1211384385, 0, 0)
[1730306.828]  -> zwp_linux_dmabuf_v1@24.modifier(1211384385, 16777216, 1)
[1730306.833]  -> zwp_linux_dmabuf_v1@24.modifier(1211384385, 16777216, 2)
[1730306.838]  -> zwp_linux_dmabuf_v1@24.modifier(1211384385, 16777215, 4294967295)
[1730306.844]  -> zwp_linux_dmabuf_v1@24.modifier(1211384408, 0, 0)
[1730306.849]  -> zwp_linux_dmabuf_v1@24.modifier(1211384408, 16777216, 1)
[1730306.854]  -> zwp_linux_dmabuf_v1@24.modifier(1211384408, 16777216, 2)
[1730306.859]  -> zwp_linux_dmabuf_v1@24.modifier(1211384408, 16777215, 4294967295)
[1730306.865]  -> zwp_linux_dmabuf_v1@24.modifier(808669761, 0, 0)
[1730306.870]  -> zwp_linux_dmabuf_v1@24.modifier(808669761, 16777216, 1)
[1730306.875]  -> zwp_linux_dmabuf_v1@24.modifier(808669761, 16777216, 2)
[1730306.880]  -> zwp_linux_dmabuf_v1@24.modifier(808669761, 16777215, 4294967295)
[1730306.885]  -> zwp_linux_dmabuf_v1@24.modifier(808669784, 0, 0)
[1730306.890]  -> zwp_linux_dmabuf_v1@24.modifier(808669784, 16777216, 1)
[1730306.896]  -> zwp_linux_dmabuf_v1@24.modifier(808669784, 16777216, 2)
[1730306.901]  -> zwp_linux_dmabuf_v1@24.modifier(808669784, 16777215, 4294967295)
[1730306.906]  -> zwp_linux_dmabuf_v1@24.modifier(808665665, 0, 0)
[1730306.911]  -> zwp_linux_dmabuf_v1@24.modifier(808665665, 16777216, 1)
[1730306.916]  -> zwp_linux_dmabuf_v1@24.modifier(808665665, 16777216, 2)
[1730306.921]  -> zwp_linux_dmabuf_v1@24.modifier(808665665, 16777215, 4294967295)
[1730306.927]  -> zwp_linux_dmabuf_v1@24.modifier(808665688, 0, 0)
[1730306.932]  -> zwp_linux_dmabuf_v1@24.modifier(808665688, 16777216, 1)
[1730306.937]  -> zwp_linux_dmabuf_v1@24.modifier(808665688, 16777216, 2)
[1730306.942]  -> zwp_linux_dmabuf_v1@24.modifier(808665688, 16777215, 4294967295)
[1730306.947]  -> zwp_linux_dmabuf_v1@24.modifier(875713089, 0, 0)
[1730306.952]  -> zwp_linux_dmabuf_v1@24.modifier(875713089, 16777216, 1)
[1730306.957]  -> zwp_linux_dmabuf_v1@24.modifier(875713089, 16777216, 2)
[1730306.963]  -> zwp_linux_dmabuf_v1@24.modifier(875713089, 16777215, 4294967295)
[1730306.968]  -> zwp_linux_dmabuf_v1@24.modifier(875708993, 0, 0)
[1730306.973]  -> zwp_linux_dmabuf_v1@24.modifier(875708993, 16777216, 1)
[1730306.978]  -> zwp_linux_dmabuf_v1@24.modifier(875708993, 16777216, 2)
[1730306.983]  -> zwp_linux_dmabuf_v1@24.modifier(875708993, 16777215, 4294967295)
[1730306.988]  -> zwp_linux_dmabuf_v1@24.modifier(875713112, 0, 0)
[1730306.994]  -> zwp_linux_dmabuf_v1@24.modifier(875713112, 16777216, 1)
[1730306.999]  -> zwp_linux_dmabuf_v1@24.modifier(875713112, 16777216, 2)
[1730307.004]  -> zwp_linux_dmabuf_v1@24.modifier(875713112, 16777215, 4294967295)
[1730307.009]  -> zwp_linux_dmabuf_v1@24.modifier(875709016, 0, 0)
[1730307.014]  -> zwp_linux_dmabuf_v1@24.modifier(875709016, 16777216, 1)
[1730307.019]  -> zwp_linux_dmabuf_v1@24.modifier(875709016, 16777216, 2)
[1730307.025]  -> zwp_linux_dmabuf_v1@24.modifier(875709016, 16777215, 4294967295)
[1730307.030]  -> zwp_linux_dmabuf_v1@24.modifier(892424769, 0, 0)
[1730307.035]  -> zwp_linux_dmabuf_v1@24.modifier(892424769, 16777216, 1)
[1730307.040]  -> zwp_linux_dmabuf_v1@24.modifier(892424769, 16777216, 2)
[1730307.047]  -> zwp_linux_dmabuf_v1@24.modifier(892424769, 16777215, 4294967295)
[1730307.052]  -> zwp_linux_dmabuf_v1@24.modifier(909199186, 0, 0)
[1730307.057]  -> zwp_linux_dmabuf_v1@24.modifier(909199186, 16777216, 1)
[1730307.062]  -> zwp_linux_dmabuf_v1@24.modifier(909199186, 16777216, 2)
[1730307.067]  -> zwp_linux_dmabuf_v1@24.modifier(909199186, 16777215, 4294967295)
[1730307.073]  -> zwp_linux_dmabuf_v1@24.modifier(538982482, 0, 0)
[1730307.078]  -> zwp_linux_dmabuf_v1@24.modifier(538982482, 16777216, 1)
[1730307.083]  -> zwp_linux_dmabuf_v1@24.modifier(538982482, 16777216, 2)
[1730307.088]  -> zwp_linux_dmabuf_v1@24.modifier(538982482, 16777215, 4294967295)
[1730307.093]  -> zwp_linux_dmabuf_v1@24.modifier(540422482, 0, 0)
[1730307.098]  -> zwp_linux_dmabuf_v1@24.modifier(540422482, 16777216, 1)
[1730307.103]  -> zwp_linux_dmabuf_v1@24.modifier(540422482, 16777216, 2)
[1730307.109]  -> zwp_linux_dmabuf_v1@24.modifier(540422482, 16777215, 4294967295)
[1730307.114]  -> zwp_linux_dmabuf_v1@24.modifier(943215175, 0, 0)
[1730307.119]  -> zwp_linux_dmabuf_v1@24.modifier(943215175, 16777216, 1)
[1730307.124]  -> zwp_linux_dmabuf_v1@24.modifier(943215175, 16777216, 2)
[1730307.129]  -> zwp_linux_dmabuf_v1@24.modifier(943215175, 16777215, 4294967295)
[1730307.134]  -> zwp_linux_dmabuf_v1@24.modifier(842224199, 0, 0)
[1730307.139]  -> zwp_linux_dmabuf_v1@24.modifier(842224199, 16777216, 1)
[1730307.144]  -> zwp_linux_dmabuf_v1@24.modifier(842224199, 16777216, 2)
[1730307.150]  -> zwp_linux_dmabuf_v1@24.modifier(842224199, 16777215, 4294967295)
[1730307.155]  -> zwp_linux_dmabuf_v1@24.modifier(961959257, 0, 0)
[1730307.160]  -> zwp_linux_dmabuf_v1@24.modifier(961959257, 16777216, 1)
[1730307.165]  -> zwp_linux_dmabuf_v1@24.modifier(961959257, 16777216, 2)
[1730307.170]  -> zwp_linux_dmabuf_v1@24.modifier(961959257, 16777215, 4294967295)
[1730307.176]  -> zwp_linux_dmabuf_v1@24.modifier(825316697, 0, 0)
[1730307.181]  -> zwp_linux_dmabuf_v1@24.modifier(825316697, 16777216, 1)
[1730307.186]  -> zwp_linux_dmabuf_v1@24.modifier(825316697, 16777216, 2)
[1730307.191]  -> zwp_linux_dmabuf_v1@24.modifier(825316697, 16777215, 4294967295)
[1730307.196]  -> zwp_linux_dmabuf_v1@24.modifier(842093913, 0, 0)
[1730307.201]  -> zwp_linux_dmabuf_v1@24.modifier(842093913, 16777216, 1)
[1730307.206]  -> zwp_linux_dmabuf_v1@24.modifier(842093913, 16777216, 2)
[1730307.211]  -> zwp_linux_dmabuf_v1@24.modifier(842093913, 16777215, 4294967295)
[1730307.217]  -> zwp_linux_dmabuf_v1@24.modifier(909202777, 0, 0)
[1730307.222]  -> zwp_linux_dmabuf_v1@24.modifier(909202777, 16777216, 1)
[1730307.227]  -> zwp_linux_dmabuf_v1@24.modifier(909202777, 16777216, 2)
[1730307.232]  -> zwp_linux_dmabuf_v1@24.modifier(909202777, 16777215, 4294967295)
[1730307.237]  -> zwp_linux_dmabuf_v1@24.modifier(875713881, 0, 0)
[1730307.242]  -> zwp_linux_dmabuf_v1@24.modifier(875713881, 16777216, 1)
[1730307.247]  -> zwp_linux_dmabuf_v1@24.modifier(875713881, 16777216, 2)
[1730307.253]  -> zwp_linux_dmabuf_v1@24.modifier(875713881, 16777215, 4294967295)
[1730307.258]  -> zwp_linux_dmabuf_v1@24.modifier(961893977, 0, 0)
[1730307.263]  -> zwp_linux_dmabuf_v1@24.modifier(961893977, 16777216, 1)
[1730307.268]  -> zwp_linux_dmabuf_v1@24.modifier(961893977, 16777216, 2)
[1730307.273]  -> zwp_linux_dmabuf_v1@24.modifier(961893977, 16777215, 4294967295)
[1730307.278]  -> zwp_linux_dmabuf_v1@24.modifier(825316953, 0, 0)
[1730307.283]  -> zwp_linux_dmabuf_v1@24.modifier(825316953, 16777216, 1)
[1730307.289]  -> zwp_linux_dmabuf_v1@24.modifier(825316953, 16777216, 2)
[1730307.294]  -> zwp_linux_dmabuf_v1@24.modifier(825316953, 16777215, 4294967295)
[1730307.299]  -> zwp_linux_dmabuf_v1@24.modifier(842094169, 0, 0)
[1730307.304]  -> zwp_linux_dmabuf_v1@24.modifier(842094169, 16777216, 1)
[1730307.309]  -> zwp_linux_dmabuf_v1@24.modifier(842094169, 16777216, 2)
[1730307.314]  -> zwp_linux_dmabuf_v1@24.modifier(842094169, 16777215, 4294967295)
[1730307.320]  -> zwp_linux_dmabuf_v1@24.modifier(909203033, 0, 0)
[1730307.325]  -> zwp_linux_dmabuf_v1@24.modifier(909203033, 16777216, 1)
[1730307.331]  -> zwp_linux_dmabuf_v1@24.modifier(909203033, 16777216, 2)
[1730307.336]  -> zwp_linux_dmabuf_v1@24.modifier(909203033, 16777215, 4294967295)
[1730307.341]  -> zwp_linux_dmabuf_v1@24.modifier(875714137, 0, 0)
[1730307.346]  -> zwp_linux_dmabuf_v1@24.modifier(875714137, 16777216, 1)
[1730307.351]  -> zwp_linux_dmabuf_v1@24.modifier(875714137, 16777216, 2)
[1730307.357]  -> zwp_linux_dmabuf_v1@24.modifier(875714137, 16777215, 4294967295)
[1730307.362]  -> zwp_linux_dmabuf_v1@24.modifier(842094158, 0, 0)
[1730307.367]  -> zwp_linux_dmabuf_v1@24.modifier(842094158, 16777216, 1)
[1730307.372]  -> zwp_linux_dmabuf_v1@24.modifier(842094158, 16777216, 2)
[1730307.377]  -> zwp_linux_dmabuf_v1@24.modifier(842094158, 16777215, 4294967295)
[1730307.382]  -> zwp_linux_dmabuf_v1@24.modifier(808530000, 0, 0)
[1730307.387]  -> zwp_linux_dmabuf_v1@24.modifier(808530000, 16777216, 1)
[1730307.392]  -> zwp_linux_dmabuf_v1@24.modifier(808530000, 16777216, 2)
[1730307.398]  -> zwp_linux_dmabuf_v1@24.modifier(808530000, 16777215, 4294967295)
[1730307.403]  -> zwp_linux_dmabuf_v1@24.modifier(842084432, 0, 0)
[1730307.408]  -> zwp_linux_dmabuf_v1@24.modifier(842084432, 16777216, 1)
[1730307.413]  -> zwp_linux_dmabuf_v1@24.modifier(842084432, 16777216, 2)
[1730307.418]  -> zwp_linux_dmabuf_v1@24.modifier(842084432, 16777215, 4294967295)
[1730307.423]  -> zwp_linux_dmabuf_v1@24.modifier(909193296, 0, 0)
[1730307.428]  -> zwp_linux_dmabuf_v1@24.modifier(909193296, 16777216, 1)
[1730307.434]  -> zwp_linux_dmabuf_v1@24.modifier(909193296, 16777216, 2)
[1730307.439]  -> zwp_linux_dmabuf_v1@24.modifier(909193296, 16777215, 4294967295)
[1730307.444]  -> zwp_linux_dmabuf_v1@24.modifier(909203022, 0, 0)
[1730307.449]  -> zwp_linux_dmabuf_v1@24.modifier(909203022, 16777216, 1)
[1730307.454]  -> zwp_linux_dmabuf_v1@24.modifier(909203022, 16777216, 2)
[1730307.459]  -> zwp_linux_dmabuf_v1@24.modifier(909203022, 16777215, 4294967295)
[1730307.464]  -> zwp_linux_dmabuf_v1@24.modifier(1448433985, 0, 0)
[1730307.470]  -> zwp_linux_dmabuf_v1@24.modifier(1448433985, 16777216, 1)
[1730307.475]  -> zwp_linux_dmabuf_v1@24.modifier(1448433985, 16777216, 2)
[1730307.480]  -> zwp_linux_dmabuf_v1@24.modifier(1448433985, 16777215, 4294967295)
[1730307.485]  -> zwp_linux_dmabuf_v1@24.modifier(1448434008, 0, 0)
[1730307.490]  -> zwp_linux_dmabuf_v1@24.modifier(1448434008, 16777216, 1)
[1730307.495]  -> zwp_linux_dmabuf_v1@24.modifier(1448434008, 16777216, 2)
[1730307.500]  -> zwp_linux_dmabuf_v1@24.modifier(1448434008, 16777215, 4294967295)
[1730307.506]  -> zwp_linux_dmabuf_v1@24.modifier(1448695129, 0, 0)
[1730307.511]  -> zwp_linux_dmabuf_v1@24.modifier(1448695129, 16777216, 1)
[1730307.516]  -> zwp_linux_dmabuf_v1@24.modifier(1448695129, 16777216, 2)
[1730307.521]  -> zwp_linux_dmabuf_v1@24.modifier(1448695129, 16777215, 4294967295)
[1730307.526]  -> zwp_linux_dmabuf_v1@24.modifier(1498831189, 0, 0)
[1730307.531]  -> zwp_linux_dmabuf_v1@24.modifier(1498831189, 16777216, 1)
[1730307.536]  -> zwp_linux_dmabuf_v1@24.modifier(1498831189, 16777216, 2)
[1730307.542]  -> zwp_linux_dmabuf_v1@24.modifier(1498831189, 16777215, 4294967295)
[1730307.547] wl_display@1.sync(new id wl_callback@22)
[1730307.551]  -> wl_callback@22.done(0)
[1730307.554]  -> wl_display@1.delete_id(22)
[1730307.609] wl_display@1.delete_id(22)
[1730307.614] wl_drm@23.device("/dev/dri/renderD128")
[1730307.649] wl_drm@23.format(875713089)
[1730307.653] wl_drm@23.format(875713112)
[1730307.656] wl_drm@23.format(909199186)
[1730307.659] wl_drm@23.format(961959257)
[1730307.661] wl_drm@23.format(825316697)
[1730307.664] wl_drm@23.format(842093913)
[1730307.667] wl_drm@23.format(909202777)
[1730307.670] wl_drm@23.format(875713881)
[1730307.673] wl_drm@23.format(842094158)
[1730307.676] wl_drm@23.format(909203022)
[1730307.679] wl_drm@23.format(1448695129)
[1730307.681] wl_drm@23.capabilities(1)
[1730307.684] zwp_linux_dmabuf_v1@24.modifier(1211384385, 0, 0)
[1730307.689] zwp_linux_dmabuf_v1@24.modifier(1211384385, 16777216, 1)
[1730307.696] zwp_linux_dmabuf_v1@24.modifier(1211384385, 16777216, 2)
[1730307.701] zwp_linux_dmabuf_v1@24.modifier(1211384385, 16777215, 4294967295)
[1730307.706] zwp_linux_dmabuf_v1@24.modifier(1211384408, 0, 0)
[1730307.711] zwp_linux_dmabuf_v1@24.modifier(1211384408, 16777216, 1)
[1730307.716] zwp_linux_dmabuf_v1@24.modifier(1211384408, 16777216, 2)
[1730307.721] zwp_linux_dmabuf_v1@24.modifier(1211384408, 16777215, 4294967295)
[1730307.726] zwp_linux_dmabuf_v1@24.modifier(808669761, 0, 0)
[1730307.731] zwp_linux_dmabuf_v1@24.modifier(808669761, 16777216, 1)
[1730307.736] zwp_linux_dmabuf_v1@24.modifier(808669761, 16777216, 2)
[1730307.741] zwp_linux_dmabuf_v1@24.modifier(808669761, 16777215, 4294967295)
[1730307.746] zwp_linux_dmabuf_v1@24.modifier(808669784, 0, 0)
[1730307.750] zwp_linux_dmabuf_v1@24.modifier(808669784, 16777216, 1)
[1730307.755] zwp_linux_dmabuf_v1@24.modifier(808669784, 16777216, 2)
[1730307.760] zwp_linux_dmabuf_v1@24.modifier(808669784, 16777215, 4294967295)
[1730307.765] zwp_linux_dmabuf_v1@24.modifier(808665665, 0, 0)
[1730307.770] zwp_linux_dmabuf_v1@24.modifier(808665665, 16777216, 1)
[1730307.775] zwp_linux_dmabuf_v1@24.modifier(808665665, 16777216, 2)
[1730307.780] zwp_linux_dmabuf_v1@24.modifier(808665665, 16777215, 4294967295)
[1730307.785] zwp_linux_dmabuf_v1@24.modifier(808665688, 0, 0)
[1730307.790] zwp_linux_dmabuf_v1@24.modifier(808665688, 16777216, 1)
[1730307.795] zwp_linux_dmabuf_v1@24.modifier(808665688, 16777216, 2)
[1730307.800] zwp_linux_dmabuf_v1@24.modifier(808665688, 16777215, 4294967295)
[1730307.805] zwp_linux_dmabuf_v1@24.modifier(875713089, 0, 0)
[1730307.810] zwp_linux_dmabuf_v1@24.modifier(875713089, 16777216, 1)
[1730307.815] zwp_linux_dmabuf_v1@24.modifier(875713089, 16777216, 2)
[1730307.820] zwp_linux_dmabuf_v1@24.modifier(875713089, 16777215, 4294967295)
[1730307.825] zwp_linux_dmabuf_v1@24.modifier(875708993, 0, 0)
[1730307.830] zwp_linux_dmabuf_v1@24.modifier(875708993, 16777216, 1)
[1730307.835] zwp_linux_dmabuf_v1@24.modifier(875708993, 16777216, 2)
[1730307.839] zwp_linux_dmabuf_v1@24.modifier(875708993, 16777215, 4294967295)
[1730307.844] zwp_linux_dmabuf_v1@24.modifier(875713112, 0, 0)
[1730307.849] zwp_linux_dmabuf_v1@24.modifier(875713112, 16777216, 1)
[1730307.854] zwp_linux_dmabuf_v1@24.modifier(875713112, 16777216, 2)
[1730307.859] zwp_linux_dmabuf_v1@24.modifier(875713112, 16777215, 4294967295)
[1730307.864] zwp_linux_dmabuf_v1@24.modifier(875709016, 0, 0)
[1730307.869] zwp_linux_dmabuf_v1@24.modifier(875709016, 16777216, 1)
[1730307.874] zwp_linux_dmabuf_v1@24.modifier(875709016, 16777216, 2)
[1730307.879] zwp_linux_dmabuf_v1@24.modifier(875709016, 16777215, 4294967295)
[1730307.884] zwp_linux_dmabuf_v1@24.modifier(892424769, 0, 0)
[1730307.889] zwp_linux_dmabuf_v1@24.modifier(892424769, 16777216, 1)
[1730307.894] zwp_linux_dmabuf_v1@24.modifier(892424769, 16777216, 2)
[1730307.899] zwp_linux_dmabuf_v1@24.modifier(892424769, 16777215, 4294967295)
[1730307.904] zwp_linux_dmabuf_v1@24.modifier(909199186, 0, 0)
[1730307.908] zwp_linux_dmabuf_v1@24.modifier(909199186, 16777216, 1)
[1730307.913] zwp_linux_dmabuf_v1@24.modifier(909199186, 16777216, 2)
[1730307.918] zwp_linux_dmabuf_v1@24.modifier(909199186, 16777215, 4294967295)
[1730307.923] zwp_linux_dmabuf_v1@24.modifier(538982482, 0, 0)
[1730307.928] zwp_linux_dmabuf_v1@24.modifier(538982482, 16777216, 1)
[1730307.933] zwp_linux_dmabuf_v1@24.modifier(538982482, 16777216, 2)
[1730307.938] zwp_linux_dmabuf_v1@24.modifier(538982482, 16777215, 4294967295)
[1730307.943] zwp_linux_dmabuf_v1@24.modifier(540422482, 0, 0)
[1730307.948] zwp_linux_dmabuf_v1@24.modifier(540422482, 16777216, 1)
[1730307.953] zwp_linux_dmabuf_v1@24.modifier(540422482, 16777216, 2)
[1730307.958] zwp_linux_dmabuf_v1@24.modifier(540422482, 16777215, 4294967295)
[1730307.963] zwp_linux_dmabuf_v1@24.modifier(943215175, 0, 0)
[1730307.968] zwp_linux_dmabuf_v1@24.modifier(943215175, 16777216, 1)
[1730307.972] zwp_linux_dmabuf_v1@24.modifier(943215175, 16777216, 2)
[1730307.978] zwp_linux_dmabuf_v1@24.modifier(943215175, 16777215, 4294967295)
[1730307.983] zwp_linux_dmabuf_v1@24.modifier(842224199, 0, 0)
[1730307.988] zwp_linux_dmabuf_v1@24.modifier(842224199, 16777216, 1)
[1730307.993] zwp_linux_dmabuf_v1@24.modifier(842224199, 16777216, 2)
[1730307.998] zwp_linux_dmabuf_v1@24.modifier(842224199, 16777215, 4294967295)
[1730308.003] zwp_linux_dmabuf_v1@24.modifier(961959257, 0, 0)
[1730308.008] zwp_linux_dmabuf_v1@24.modifier(961959257, 16777216, 1)
[1730308.013] zwp_linux_dmabuf_v1@24.modifier(961959257, 16777216, 2)
[1730308.018] zwp_linux_dmabuf_v1@24.modifier(961959257, 16777215, 4294967295)
[1730308.023] zwp_linux_dmabuf_v1@24.modifier(825316697, 0, 0)
[1730308.028] zwp_linux_dmabuf_v1@24.modifier(825316697, 16777216, 1)
[1730308.033] zwp_linux_dmabuf_v1@24.modifier(825316697, 16777216, 2)
[1730308.038] zwp_linux_dmabuf_v1@24.modifier(825316697, 16777215, 4294967295)
[1730308.042] zwp_linux_dmabuf_v1@24.modifier(842093913, 0, 0)
[1730308.047] zwp_linux_dmabuf_v1@24.modifier(842093913, 16777216, 1)
[1730308.052] zwp_linux_dmabuf_v1@24.modifier(842093913, 16777216, 2)
[1730308.057] zwp_linux_dmabuf_v1@24.modifier(842093913, 16777215, 4294967295)
[1730308.062] zwp_linux_dmabuf_v1@24.modifier(909202777, 0, 0)
[1730308.067] zwp_linux_dmabuf_v1@24.modifier(909202777, 16777216, 1)
[1730308.072] zwp_linux_dmabuf_v1@24.modifier(909202777, 16777216, 2)
[1730308.076] zwp_linux_dmabuf_v1@24.modifier(909202777, 16777215, 4294967295)
[1730308.081] zwp_linux_dmabuf_v1@24.modifier(875713881, 0, 0)
[1730308.086] zwp_linux_dmabuf_v1@24.modifier(875713881, 16777216, 1)
[1730308.091] zwp_linux_dmabuf_v1@24.modifier(875713881, 16777216, 2)
[1730308.096] zwp_linux_dmabuf_v1@24.modifier(875713881, 16777215, 4294967295)
[1730308.101] zwp_linux_dmabuf_v1@24.modifier(961893977, 0, 0)
[1730308.106] zwp_linux_dmabuf_v1@24.modifier(961893977, 16777216, 1)
[1730308.111] zwp_linux_dmabuf_v1@24.modifier(961893977, 16777216, 2)
[1730308.116] zwp_linux_dmabuf_v1@24.modifier(961893977, 16777215, 4294967295)
[1730308.121] zwp_linux_dmabuf_v1@24.modifier(825316953, 0, 0)
[1730308.126] zwp_linux_dmabuf_v1@24.modifier(825316953, 16777216, 1)
[1730308.130] zwp_linux_dmabuf_v1@24.modifier(825316953, 16777216, 2)
[1730308.135] zwp_linux_dmabuf_v1@24.modifier(825316953, 16777215, 4294967295)
[1730308.140] zwp_linux_dmabuf_v1@24.modifier(842094169, 0, 0)
[1730308.145] zwp_linux_dmabuf_v1@24.modifier(842094169, 16777216, 1)
[1730308.150] zwp_linux_dmabuf_v1@24.modifier(842094169, 16777216, 2)
[1730308.155] zwp_linux_dmabuf_v1@24.modifier(842094169, 16777215, 4294967295)
[1730308.160] zwp_linux_dmabuf_v1@24.modifier(909203033, 0, 0)
[1730308.165] zwp_linux_dmabuf_v1@24.modifier(909203033, 16777216, 1)
[1730308.170] zwp_linux_dmabuf_v1@24.modifier(909203033, 16777216, 2)
[1730308.175] zwp_linux_dmabuf_v1@24.modifier(909203033, 16777215, 4294967295)
[1730308.180] zwp_linux_dmabuf_v1@24.modifier(875714137, 0, 0)
[1730308.185] zwp_linux_dmabuf_v1@24.modifier(875714137, 16777216, 1)
[1730308.190] zwp_linux_dmabuf_v1@24.modifier(875714137, 16777216, 2)
[1730308.195] zwp_linux_dmabuf_v1@24.modifier(875714137, 16777215, 4294967295)
[1730308.199] zwp_linux_dmabuf_v1@24.modifier(842094158, 0, 0)
[1730308.204] zwp_linux_dmabuf_v1@24.modifier(842094158, 16777216, 1)
[1730308.209] zwp_linux_dmabuf_v1@24.modifier(842094158, 16777216, 2)
[1730308.214] zwp_linux_dmabuf_v1@24.modifier(842094158, 16777215, 4294967295)
[1730308.219] zwp_linux_dmabuf_v1@24.modifier(808530000, 0, 0)
[1730308.224] zwp_linux_dmabuf_v1@24.modifier(808530000, 16777216, 1)
[1730308.229] zwp_linux_dmabuf_v1@24.modifier(808530000, 16777216, 2)
[1730308.234] zwp_linux_dmabuf_v1@24.modifier(808530000, 16777215, 4294967295)
[1730308.239] zwp_linux_dmabuf_v1@24.modifier(842084432, 0, 0)
[1730308.244] zwp_linux_dmabuf_v1@24.modifier(842084432, 16777216, 1)
[1730308.249] zwp_linux_dmabuf_v1@24.modifier(842084432, 16777216, 2)
[1730308.253] zwp_linux_dmabuf_v1@24.modifier(842084432, 16777215, 4294967295)
[1730308.258] zwp_linux_dmabuf_v1@24.modifier(909193296, 0, 0)
[1730308.263] zwp_linux_dmabuf_v1@24.modifier(909193296, 16777216, 1)
[1730308.268] zwp_linux_dmabuf_v1@24.modifier(909193296, 16777216, 2)
[1730308.274] zwp_linux_dmabuf_v1@24.modifier(909193296, 16777215, 4294967295)
[1730308.279] zwp_linux_dmabuf_v1@24.modifier(909203022, 0, 0)
[1730308.284] zwp_linux_dmabuf_v1@24.modifier(909203022, 16777216, 1)
[1730308.289] zwp_linux_dmabuf_v1@24.modifier(909203022, 16777216, 2)
[1730308.293] zwp_linux_dmabuf_v1@24.modifier(909203022, 16777215, 4294967295)
[1730308.298] zwp_linux_dmabuf_v1@24.modifier(1448433985, 0, 0)
[1730308.303] zwp_linux_dmabuf_v1@24.modifier(1448433985, 16777216, 1)
[1730308.308] zwp_linux_dmabuf_v1@24.modifier(1448433985, 16777216, 2)
[1730308.313] zwp_linux_dmabuf_v1@24.modifier(1448433985, 16777215, 4294967295)
[1730308.318] zwp_linux_dmabuf_v1@24.modifier(1448434008, 0, 0)
[1730308.323] zwp_linux_dmabuf_v1@24.modifier(1448434008, 16777216, 1)
[1730308.328] zwp_linux_dmabuf_v1@24.modifier(1448434008, 16777216, 2)
[1730308.333] zwp_linux_dmabuf_v1@24.modifier(1448434008, 16777215, 4294967295)
[1730308.338] zwp_linux_dmabuf_v1@24.modifier(1448695129, 0, 0)
[1730308.343] zwp_linux_dmabuf_v1@24.modifier(1448695129, 16777216, 1)
[1730308.348] zwp_linux_dmabuf_v1@24.modifier(1448695129, 16777216, 2)
[1730308.353] zwp_linux_dmabuf_v1@24.modifier(1448695129, 16777215, 4294967295)
[1730308.357] zwp_linux_dmabuf_v1@24.modifier(1498831189, 0, 0)
[1730308.362] zwp_linux_dmabuf_v1@24.modifier(1498831189, 16777216, 1)
[1730308.367] zwp_linux_dmabuf_v1@24.modifier(1498831189, 16777216, 2)
[1730308.372] zwp_linux_dmabuf_v1@24.modifier(1498831189, 16777215, 4294967295)
[1730308.377] wl_callback@22.done(0)
[1730328.997]  -> org_kde_kwin_server_decoration_manager@10.create(new id org_kde_kwin_server_decoration@22, wl_surface@20)
[1730329.015]  -> org_kde_kwin_server_decoration@22.request_mode(2)
[1730348.694]  -> wl_display@1.get_registry(new id wl_registry@25)
[1730348.711]  -> wl_display@1.sync(new id wl_callback@26)
[1730348.762] org_kde_kwin_server_decoration_manager@10.create(new id org_kde_kwin_server_decoration@22, wl_surface@20)
[1730348.784]  -> org_kde_kwin_server_decoration@22.mode(2)
hikari: types/xdg_shell/wlr_xdg_surface.c:15: wlr_xdg_surface_from_wlr_surface: Assertion `wlr_surface_is_xdg_surface(surface)' failed.
VA error: wayland: Wayland roundtrip error: Broken pipe (errno 32)
Cannot load libcuda.so.1
Gdk-Message: 06:16:52.720: Error 32 (Broken pipe) dispatching to Wayland display.

