[ahmad mlterm]$ WAYLAND_DEBUG=1 mlterm-wl 
[ 229308.940]  -> wl_display@1.get_registry(new id wl_registry@2)
[ 229308.994]  -> wl_display@1.sync(new id wl_callback@3)
[ 229309.239] wl_display@1.delete_id(3)
[ 229309.263] wl_registry@2.global(1, "wl_shm", 1)
[ 229309.291]  -> wl_registry@2.bind(1, "wl_shm", 1, new id [unknown]@4)
[ 229309.331] wl_registry@2.global(2, "wl_drm", 2)
[ 229309.356] wl_registry@2.global(3, "zwp_linux_dmabuf_v1", 4)
[ 229309.378] wl_registry@2.global(4, "zxdg_output_manager_v1", 3)
[ 229309.393] wl_registry@2.global(5, "zwlr_output_manager_v1", 2)
[ 229309.407] wl_registry@2.global(6, "wl_compositor", 4)
[ 229309.447]  -> wl_registry@2.bind(6, "wl_compositor", 1, new id [unknown]@5)
[ 229309.476] wl_registry@2.global(7, "wl_subcompositor", 1)
[ 229309.503] wl_registry@2.global(8, "wl_data_device_manager", 3)
[ 229309.532]  -> wl_registry@2.bind(8, "wl_data_device_manager", 3, new id [unknown]@6)
[ 229309.573] wl_registry@2.global(9, "zwp_primary_selection_device_manager_v1", 1)
[ 229309.592] wl_registry@2.global(10, "wl_seat", 7)
[ 229309.616]  -> wl_registry@2.bind(10, "wl_seat", 4, new id [unknown]@7)
[ 229309.657] wl_registry@2.global(11, "org_kde_kwin_idle", 1)
[ 229309.681] wl_registry@2.global(12, "zwp_idle_inhibit_manager_v1", 1)
[ 229309.708] wl_registry@2.global(13, "zwp_pointer_gestures_v1", 3)
[ 229309.732] wl_registry@2.global(14, "xdg_wm_base", 2)
[ 229309.760]  -> wl_registry@2.bind(14, "xdg_wm_base", 1, new id [unknown]@8)
[ 229309.794] wl_registry@2.global(15, "zxdg_decoration_manager_v1", 1)
[ 229309.823]  -> wl_registry@2.bind(15, "zxdg_decoration_manager_v1", 1, new id [unknown]@9)
[ 229309.865] wl_registry@2.global(16, "org_kde_kwin_server_decoration_manager", 1)
[ 229309.899] wl_registry@2.global(17, "wp_presentation", 1)
[ 229309.926] wl_registry@2.global(18, "zwlr_export_dmabuf_manager_v1", 1)
[ 229309.957] wl_registry@2.global(19, "zwlr_screencopy_manager_v1", 3)
[ 229309.980] wl_registry@2.global(20, "zwlr_data_control_manager_v1", 2)
[ 229310.010] wl_registry@2.global(21, "zwlr_gamma_control_manager_v1", 1)
[ 229310.035] wl_registry@2.global(22, "wp_viewporter", 1)
[ 229310.064] wl_registry@2.global(23, "zwp_relative_pointer_manager_v1", 1)
[ 229310.091] wl_registry@2.global(24, "zwp_pointer_constraints_v1", 1)
[ 229310.118] wl_registry@2.global(25, "zwlr_input_inhibit_manager_v1", 1)
[ 229310.148] wl_registry@2.global(26, "zwlr_foreign_toplevel_manager_v1", 3)
[ 229310.177] wl_registry@2.global(27, "wp_drm_lease_device_v1", 1)
[ 229310.204] wl_registry@2.global(28, "zwlr_output_power_manager_v1", 1)
[ 229310.232] wl_registry@2.global(29, "zwlr_layer_shell_v1", 4)
[ 229310.257] wl_registry@2.global(30, "wl_output", 4)
[ 229310.285]  -> wl_registry@2.bind(30, "wl_output", 1, new id [unknown]@10)
[ 229310.322] wl_callback@3.done(348)
[ 229310.455]  -> wl_shm@4.create_pool(new id wl_shm_pool@3, fd 5, 4096)
[ 229310.890]  -> wl_shm_pool@3.resize(12288)
[ 229311.064]  -> wl_shm_pool@3.resize(28672)
[ 229314.664]  -> wl_shm_pool@3.resize(61440)
[ 229314.828]  -> wl_shm_pool@3.resize(126976)
[ 229314.999]  -> wl_shm_pool@3.resize(258048)
[ 229315.214]  -> wl_shm_pool@3.resize(520192)
[ 229320.292]  -> wl_shm_pool@3.resize(1044480)
[ 229325.065]  -> wl_shm_pool@3.resize(2093056)
[ 229332.421]  -> wl_compositor@5.create_surface(new id wl_surface@11)
[ 229332.451]  -> wl_data_device_manager@6.get_data_device(new id wl_data_device@12, wl_seat@7)
[ 229346.328]  -> wl_compositor@5.create_surface(new id wl_surface@13)
[ 229346.357]  -> xdg_wm_base@8.get_xdg_surface(new id xdg_surface@14, wl_surface@13)
[ 229346.374]  -> xdg_surface@14.get_toplevel(new id xdg_toplevel@15)
[ 229346.388]  -> xdg_toplevel@15.set_app_id("mlterm")
[ 229346.405]  -> zxdg_decoration_manager_v1@9.get_toplevel_decoration(new id zxdg_toplevel_decoration_v1@16, xdg_topleve
l@15)
[ 229346.417]  -> zxdg_toplevel_decoration_v1@16.set_mode(2)
[ 229346.424]  -> wl_surface@13.commit()
[ 229346.799]  -> wl_shm@4.create_pool(new id wl_shm_pool@17, fd 7, 999488)
[ 229346.827]  -> wl_shm_pool@17.create_buffer(new id wl_buffer@18, 0, 644, 388, 2576, 0)
[ 229346.861]  -> wl_shm_pool@17.destroy()
[ 229347.198]  -> wl_surface@13.damage(0, 0, 8, 388)
[ 229347.227]  -> wl_surface@13.damage(2, 0, 2560, 2)
[ 229347.258]  -> wl_surface@13.damage(642, 0, 8, 388)
[ 229347.290]  -> wl_surface@13.damage(2, 386, 2560, 2)
[ 229347.330]  -> wl_surface@13.damage(2, 2, 2560, 16)
[ 229347.354]  -> wl_surface@13.damage(2, 2, 32, 16)
[ 229347.544]  -> wl_surface@13.damage(2, 18, 2560, 368)
[ 229347.570]  -> wl_surface@13.damage(2, 2, 32, 16)
[ 229347.599]  -> wl_surface@13.damage(2, 2, 32, 1)
[ 229347.624]  -> wl_surface@13.damage(2, 2, 4, 16)
[ 229347.646]  -> wl_surface@13.damage(2, 17, 32, 1)
[ 229347.674]  -> wl_surface@13.damage(9, 2, 4, 16)
[ 229347.871]  -> wl_surface@13.damage(0, 0, 2576, 388)
[ 229347.905]  -> wl_surface@13.damage(0, 0, 8, 388)
[ 229347.931]  -> wl_surface@13.damage(2, 0, 2560, 2)
[ 229347.963]  -> wl_surface@13.damage(642, 0, 8, 388)
[ 229347.993]  -> wl_surface@13.damage(2, 386, 2560, 2)
[ 229348.030]  -> wl_surface@13.damage(2, 2, 2560, 16)
[ 229348.057]  -> wl_surface@13.damage(2, 2, 32, 16)
[ 229348.221]  -> wl_surface@13.damage(2, 18, 2560, 368)
[ 229348.250]  -> wl_surface@13.damage(2, 2, 32, 16)
[ 229348.276]  -> wl_surface@13.damage(2, 2, 32, 1)
[ 229348.306]  -> wl_surface@13.damage(2, 2, 4, 16)
[ 229348.327]  -> wl_surface@13.damage(2, 17, 32, 1)
[ 229348.632] wl_display@1.delete_id(17)
[ 229348.651] wl_seat@7.name("seat0")
[ 229348.664] wl_seat@7.capabilities(3)
[ 229348.673]  -> wl_seat@7.get_keyboard(new id wl_keyboard@17)
[ 229348.687]  -> wl_seat@7.get_pointer(new id wl_pointer@19)
[ 229348.709] xdg_wm_base@8.ping(350)
[ 229348.719]  -> xdg_wm_base@8.pong(350)
[ 229348.729] xdg_toplevel@15.configure(0, 0, array[0])
[ 229348.752] zxdg_toplevel_decoration_v1@16.configure(2)
[ 229348.766]  -> xdg_surface@14.ack_configure(0)
[ 229348.776] xdg_surface@14.configure(349)
[ 229348.789]  -> xdg_surface@14.ack_configure(349)
[ 229349.635]  -> wl_surface@13.attach(wl_buffer@18, 0, 0)
[ 229349.667]  -> wl_surface@13.damage(9, 2, 4, 16)
[ 229349.690]  -> wl_surface@13.commit()
[ 229349.725] wl_keyboard@17.keymap(1, fd 7, 64354)
[ 229353.533] wl_keyboard@17.repeat_info(25, 600)
[ 229353.613] wl_display@1.error(xdg_wm_base@8, 4, "wrong configure serial: 0")
xdg_wm_base@8: error 4: wrong configure serial: 0
[ahmad mlterm]$ 

