[ahmad mlterm]$ WAYLAND_DEBUG=1 ./main/mlterm-wl 
[ 443391.263]  -> wl_display@1.get_registry(new id wl_registry@2)
[ 443391.304]  -> wl_display@1.sync(new id wl_callback@3)
[ 443391.411] wl_display@1.delete_id(3)
[ 443391.428] wl_registry@2.global(1, "wl_shm", 1)
[ 443391.447]  -> wl_registry@2.bind(1, "wl_shm", 1, new id [unknown]@4)
[ 443391.466] wl_registry@2.global(2, "wl_drm", 2)
[ 443391.483] wl_registry@2.global(3, "zwp_linux_dmabuf_v1", 4)
[ 443391.499] wl_registry@2.global(4, "zxdg_output_manager_v1", 3)
[ 443391.515] wl_registry@2.global(5, "zwlr_output_manager_v1", 2)
[ 443391.530] wl_registry@2.global(6, "wl_compositor", 4)
[ 443391.548]  -> wl_registry@2.bind(6, "wl_compositor", 1, new id [unknown]@5)
[ 443391.573] wl_registry@2.global(7, "wl_subcompositor", 1)
[ 443391.587] wl_registry@2.global(8, "wl_data_device_manager", 3)
[ 443391.603]  -> wl_registry@2.bind(8, "wl_data_device_manager", 3, new id [unknown]@6)
[ 443391.630] wl_registry@2.global(9, "zwp_primary_selection_device_manager_v1", 1)
[ 443391.648] wl_registry@2.global(10, "wl_seat", 7)
[ 443391.667]  -> wl_registry@2.bind(10, "wl_seat", 4, new id [unknown]@7)
[ 443391.693] wl_registry@2.global(11, "org_kde_kwin_idle", 1)
[ 443391.711] wl_registry@2.global(12, "zwp_idle_inhibit_manager_v1", 1)
[ 443391.730] wl_registry@2.global(13, "zwp_pointer_gestures_v1", 3)
[ 443391.749] wl_registry@2.global(14, "xdg_wm_base", 2)
[ 443391.771]  -> wl_registry@2.bind(14, "xdg_wm_base", 1, new id [unknown]@8)
[ 443391.802] wl_registry@2.global(15, "zxdg_decoration_manager_v1", 1)
[ 443391.824]  -> wl_registry@2.bind(15, "zxdg_decoration_manager_v1", 1, new id [unknown]@9)
[ 443391.848] wl_registry@2.global(16, "org_kde_kwin_server_decoration_manager", 1)
[ 443391.867] wl_registry@2.global(17, "wp_presentation", 1)
[ 443391.887] wl_registry@2.global(18, "zwlr_export_dmabuf_manager_v1", 1)
[ 443391.905] wl_registry@2.global(19, "zwlr_screencopy_manager_v1", 3)
[ 443391.922] wl_registry@2.global(20, "zwlr_data_control_manager_v1", 2)
[ 443391.937] wl_registry@2.global(21, "zwlr_gamma_control_manager_v1", 1)
[ 443391.958] wl_registry@2.global(22, "wp_viewporter", 1)
[ 443391.979] wl_registry@2.global(23, "zwp_relative_pointer_manager_v1", 1)
[ 443391.998] wl_registry@2.global(24, "zwp_pointer_constraints_v1", 1)
[ 443392.018] wl_registry@2.global(25, "zwlr_input_inhibit_manager_v1", 1)
[ 443392.038] wl_registry@2.global(26, "zwlr_foreign_toplevel_manager_v1", 3)
[ 443392.055] wl_registry@2.global(27, "wp_drm_lease_device_v1", 1)
[ 443392.075] wl_registry@2.global(28, "zwlr_output_power_manager_v1", 1)
[ 443392.094] wl_registry@2.global(29, "zwlr_layer_shell_v1", 4)
[ 443392.115] wl_registry@2.global(30, "wl_output", 4)
[ 443392.136]  -> wl_registry@2.bind(30, "wl_output", 1, new id [unknown]@10)
[ 443392.164] wl_callback@3.done(777)
[ 443392.263]  -> wl_shm@4.create_pool(new id wl_shm_pool@3, fd 5, 4096)
[ 443392.563]  -> wl_shm_pool@3.resize(12288)
[ 443392.710]  -> wl_shm_pool@3.resize(28672)
[ 443395.131]  -> wl_shm_pool@3.resize(61440)
[ 443395.238]  -> wl_shm_pool@3.resize(126976)
[ 443395.366]  -> wl_shm_pool@3.resize(258048)
[ 443395.599]  -> wl_shm_pool@3.resize(520192)
[ 443400.084]  -> wl_shm_pool@3.resize(1044480)
[ 443403.295]  -> wl_shm_pool@3.resize(2093056)
[ 443409.033]  -> wl_compositor@5.create_surface(new id wl_surface@11)
[ 443409.046]  -> wl_data_device_manager@6.get_data_device(new id wl_data_device@12, wl_seat@7)
[ 443421.433]  -> wl_compositor@5.create_surface(new id wl_surface@13)
[ 443421.450]  -> xdg_wm_base@8.get_xdg_surface(new id xdg_surface@14, wl_surface@13)
[ 443421.458]  -> xdg_surface@14.get_toplevel(new id xdg_toplevel@15)
[ 443421.464]  -> xdg_toplevel@15.set_app_id("mlterm")
[ 443421.469]  -> zxdg_decoration_manager_v1@9.get_toplevel_decoration(new id zxdg_toplevel_decoration_v1@16, xdg_topleve
l@15)
[ 443421.479]  -> zxdg_toplevel_decoration_v1@16.set_mode(2)
[ 443421.486]  -> wl_surface@13.commit()
[ 443421.939]  -> wl_shm@4.create_pool(new id wl_shm_pool@17, fd 7, 999488)
[ 443421.964]  -> wl_shm_pool@17.create_buffer(new id wl_buffer@18, 0, 644, 388, 2576, 0)
[ 443422.001]  -> wl_shm_pool@17.destroy()
[ 443422.408]  -> wl_surface@13.damage(0, 0, 8, 388)
[ 443422.435]  -> wl_surface@13.damage(2, 0, 2560, 2)
[ 443422.472]  -> wl_surface@13.damage(642, 0, 8, 388)
[ 443422.505]  -> wl_surface@13.damage(2, 386, 2560, 2)
[ 443422.559]  -> wl_surface@13.damage(2, 2, 2560, 16)
[ 443422.590]  -> wl_surface@13.damage(2, 2, 32, 16)
[ 443422.838]  -> wl_surface@13.damage(2, 18, 2560, 368)
[ 443422.866]  -> wl_surface@13.damage(2, 2, 32, 16)
[ 443422.890]  -> wl_surface@13.damage(2, 2, 32, 1)
[ 443422.915]  -> wl_surface@13.damage(2, 2, 4, 16)
[ 443422.938]  -> wl_surface@13.damage(2, 17, 32, 1)
[ 443422.963]  -> wl_surface@13.damage(9, 2, 4, 16)
[ 443423.216]  -> wl_surface@13.damage(0, 0, 2576, 388)
[ 443423.248]  -> wl_surface@13.damage(0, 0, 8, 388)
[ 443423.272]  -> wl_surface@13.damage(2, 0, 2560, 2)
[ 443423.303]  -> wl_surface@13.damage(642, 0, 8, 388)
[ 443423.330]  -> wl_surface@13.damage(2, 386, 2560, 2)
[ 443423.364]  -> wl_surface@13.damage(2, 2, 2560, 16)
[ 443423.389]  -> wl_surface@13.damage(2, 2, 32, 16)
[ 443423.641]  -> wl_surface@13.damage(2, 18, 2560, 368)
[ 443423.670]  -> wl_surface@13.damage(2, 2, 32, 16)
[ 443423.694]  -> wl_surface@13.damage(2, 2, 32, 1)
[ 443423.718]  -> wl_surface@13.damage(2, 2, 4, 16)
[ 443423.742]  -> wl_surface@13.damage(2, 17, 32, 1)
[ 443423.996] wl_display@1.delete_id(17)
[ 443424.011] wl_seat@7.name("seat0")
[ 443424.019] wl_seat@7.capabilities(3)
[ 443424.027]  -> wl_seat@7.get_keyboard(new id wl_keyboard@17)
[ 443424.037]  -> wl_seat@7.get_pointer(new id wl_pointer@19)
[ 443424.058] xdg_wm_base@8.ping(779)
[ 443424.069]  -> xdg_wm_base@8.pong(779)
[ 443424.081] xdg_toplevel@15.configure(0, 0, array[0])
[ 443424.099] zxdg_toplevel_decoration_v1@16.configure(2)
[ 443424.109]  -> xdg_surface@14.ack_configure(0)
[ 443424.116] xdg_surface@14.configure(778)
[ 443424.126]  -> xdg_surface@14.ack_configure(778)
[ 443425.110]  -> wl_surface@13.attach(wl_buffer@18, 0, 0)
[ 443425.137]  -> wl_surface@13.damage(9, 2, 4, 16)
[ 443425.158]  -> wl_surface@13.commit()
[ 443425.196] wl_keyboard@17.keymap(1, fd 7, 64354)
[ 443428.199] wl_keyboard@17.repeat_info(25, 600)
[ 443428.244] wl_display@1.error(xdg_wm_base@8, 4, "wrong configure serial: 0")
xdg_wm_base@8: error 4: wrong configure serial: 0
[ahmad mlterm]$ 

